<?xml version="1.0" encoding="UTF-8"?>
<testng-results ignored="0" total="2" passed="2" failed="0" skipped="0">
  <reporter-output>
  </reporter-output>
  <suite started-at="2021-11-03T14:37:01 IST" name="Suite" finished-at="2021-11-03T14:37:32 IST" duration-ms="30887">
    <groups>
    </groups>
    <test started-at="2021-11-03T14:37:01 IST" name="Test" finished-at="2021-11-03T14:37:32 IST" duration-ms="30887">
      <class name="assignment1.mavenn.Basic">
        <test-method signature="chrome()[pri:0, instance:assignment1.mavenn.Basic@2cd2a21f]" started-at="2021-11-03T14:37:01 IST" name="chrome" finished-at="2021-11-03T14:37:14 IST" duration-ms="12899" status="PASS">
          <reporter-output>
          </reporter-output>
        </test-method> <!-- chrome -->
        <test-method is-config="true" signature="main()[pri:0, instance:assignment1.mavenn.Basic@2cd2a21f]" started-at="2021-11-03T14:37:14 IST" name="main" finished-at="2021-11-03T14:37:19 IST" duration-ms="5499" status="PASS">
          <reporter-output>
          </reporter-output>
        </test-method> <!-- main -->
        <test-method signature="edge()[pri:0, instance:assignment1.mavenn.Basic@2cd2a21f]" started-at="2021-11-03T14:37:19 IST" name="edge" finished-at="2021-11-03T14:37:23 IST" duration-ms="3235" status="PASS">
          <reporter-output>
          </reporter-output>
        </test-method> <!-- edge -->
        <test-method is-config="true" signature="main()[pri:0, instance:assignment1.mavenn.Basic@2cd2a21f]" started-at="2021-11-03T14:37:23 IST" name="main" finished-at="2021-11-03T14:37:32 IST" duration-ms="9216" status="PASS">
          <reporter-output>
          </reporter-output>
        </test-method> <!-- main -->
      </class> <!-- assignment1.mavenn.Basic -->
    </test> <!-- Test -->
  </suite> <!-- Suite -->
</testng-results>
